Added Component: Designator=C15(JP22-D1C)
Add component (AddParameter): Name = "ComponentLink1 Description"; Value = "Manufacturer"; VariantName = "[No Variations]"
Add component (AddParameter): Name = "ComponentLink1URL"; Value = "http://www.we-online.com"; VariantName = "[No Variations]"
Add component (AddParameter): Name = "ComponentLink2 Description"; Value = "Datasheet"; VariantName = "[No Variations]"
Add component (AddParameter): Name = "ComponentLink2URL"; Value = "http://katalog.we-online.de/em/datasheet/6130xx143121.pdf"; VariantName = "[No Variations]"
Add component (AddParameter): Name = "Created by"; Value = "Karrer Zheng"; VariantName = "[No Variations]"
Add component (AddParameter): Name = "Created Date"; Value = "29 March 2013"; VariantName = "[No Variations]"
Add component (AddParameter): Name = "Manufacturer"; Value = "W¨ąrth Elektronik eiSos GmbH"; VariantName = "[No Variations]"
Add component (AddParameter): Name = "NoPins"; Value = "22"; VariantName = "[No Variations]"
Add component (AddParameter): Name = "partNo"; Value = "613022143121"; VariantName = "[No Variations]"
Added Component: Designator=C16(JP22-D1C)
Add component (AddParameter): Name = "ComponentLink1 Description"; Value = "Manufacturer"; VariantName = "[No Variations]"
Add component (AddParameter): Name = "ComponentLink1URL"; Value = "http://www.we-online.com"; VariantName = "[No Variations]"
Add component (AddParameter): Name = "ComponentLink2 Description"; Value = "Datasheet"; VariantName = "[No Variations]"
Add component (AddParameter): Name = "ComponentLink2URL"; Value = "http://katalog.we-online.de/em/datasheet/6130xx143121.pdf"; VariantName = "[No Variations]"
Add component (AddParameter): Name = "Created by"; Value = "Karrer Zheng"; VariantName = "[No Variations]"
Add component (AddParameter): Name = "Created Date"; Value = "29 March 2013"; VariantName = "[No Variations]"
Add component (AddParameter): Name = "Manufacturer"; Value = "W¨ąrth Elektronik eiSos GmbH"; VariantName = "[No Variations]"
Add component (AddParameter): Name = "NoPins"; Value = "22"; VariantName = "[No Variations]"
Add component (AddParameter): Name = "partNo"; Value = "613022143121"; VariantName = "[No Variations]"
Added Pin To Net: NetName=+3V3 Pin=C15-1
Added Pin To Net: NetName=+3V3 Pin=C15-2
Added Pin To Net: NetName=MOTOR_ENA Pin=C15-4
Added Pin To Net: NetName=MOTOR_IN1 Pin=C15-5
Added Pin To Net: NetName=MOTOR_IN2 Pin=C15-6
Added Pin To Net: NetName=RFID_RST Pin=C15-7
Added Pin To Net: NetName=RFID_SDA Pin=C15-8
Added Pin To Net: NetName=SEVOR Pin=C15-9
Added Pin To Net: NetName=NUT1 Pin=C15-10
Added Pin To Net: NetName=NUT2 Pin=C15-11
Added Pin To Net: NetName=MOTOR_IN3 Pin=C15-12
Added Pin To Net: NetName=LORA_NSS Pin=C15-13
Added Pin To Net: NetName=MOTOR_IN4 Pin=C15-15
Added Pin To Net: NetName=MOTOR_ENB Pin=C15-16
Added Pin To Net: NetName=SCK Pin=C15-17
Added Pin To Net: NetName=MOSI Pin=C15-18
Added Pin To Net: NetName=MISO Pin=C15-19
Added Pin To Net: NetName=LORA_DIO0 Pin=C15-20
Added Pin To Net: NetName=GND Pin=C15-22
Added Pin To Net: NetName=GND Pin=C16-1
Added Pin To Net: NetName=GND Pin=C16-2
Added Pin To Net: NetName=LORA_RST Pin=C16-5
Added Pin To Net: NetName=GAS_A0 Pin=C16-6
Added Pin To Net: NetName=GAS_D0 Pin=C16-7
Added Pin To Net: NetName=DHT11 Pin=C16-10
Added Pin To Net: NetName=DENBAO Pin=C16-11
Added Pin To Net: NetName=DENKHACH Pin=C16-12
Added Pin To Net: NetName=DENAN Pin=C16-13
Added Pin To Net: NetName=DENNGU Pin=C16-14
Added Pin To Net: NetName=QUAT Pin=C16-15
Added Pin To Net: NetName=LCD_SCL Pin=C16-16
Added Pin To Net: NetName=LCD_SDA Pin=C16-17
Added Pin To Net: NetName=IRSENSOR Pin=C16-18
Added Pin To Net: NetName=NUTTAT Pin=C16-19
Added Pin To Net: NetName=GND Pin=C16-22
Added Pin To Net: NetName=GPIO0 Pin=C16-9
Added Pin To Net: NetName=GPIO0 Pin=R15-1
Added Pin To Net: NetName=GPIO0 Pin=U1-J3_14
Added Net: Name=GPIO0
Added Member To Class: ClassName=DOAN2 Member=Component C15 JP22
Added Member To Class: ClassName=DOAN2 Member=Component C16 JP22
