Removed Pin From Net: NetName=NetD1_1 Pin=Q1-1
Removed Pin From Net: NetName=GND Pin=Q1-3
Removed Pin From Net: NetName=NetD2_1 Pin=Q2-1
Removed Pin From Net: NetName=GND Pin=Q2-3
Removed Pin From Net: NetName=NetD3_1 Pin=Q3-1
Removed Pin From Net: NetName=GND Pin=Q3-3
Removed Pin From Net: NetName=NetD4_1 Pin=Q4-1
Removed Pin From Net: NetName=GND Pin=Q4-3
Removed Pin From Net: NetName=NetD5_1 Pin=Q5-1
Removed Pin From Net: NetName=GND Pin=Q5-3
Change Component Footprint: Designator=Q1 Old Footprint=ONSC-TO-92-3-29-11 New Footprint=TO92
Change Component Footprint: Designator=Q2 Old Footprint=ONSC-TO-92-3-29-11 New Footprint=TO92
Change Component Footprint: Designator=Q3 Old Footprint=ONSC-TO-92-3-29-11 New Footprint=TO92
Change Component Footprint: Designator=Q4 Old Footprint=ONSC-TO-92-3-29-11 New Footprint=TO92
Change Component Footprint: Designator=Q5 Old Footprint=ONSC-TO-92-3-29-11 New Footprint=TO92
Change Component Comment : Designator=Q1 Old Comment=BC547B New Comment=C1815
Change Component Comment : Designator=Q2 Old Comment=BC547B New Comment=C1815
Change Component Comment : Designator=Q3 Old Comment=BC547B New Comment=C1815
Change Component Comment : Designator=Q4 Old Comment=BC547B New Comment=C1815
Change Component Comment : Designator=Q5 Old Comment=BC547B New Comment=C1815
Change Managed Component Library Link : Designator=Q1 Old VaultGUID=B7D15EC3-160A-466F-A46C-7801FE6295A7 New VaultGUID= Old ItemGUID=3FDC9111-A9E1-4CFC-B614-3B9BA7CCBE99 New ItemGUID= Old RevisionGUID=BCF058BD-977B-497B-AE3D-78525A77E82D New RevisionGUID=
Change Managed Component Library Link : Designator=Q2 Old VaultGUID=B7D15EC3-160A-466F-A46C-7801FE6295A7 New VaultGUID= Old ItemGUID=3FDC9111-A9E1-4CFC-B614-3B9BA7CCBE99 New ItemGUID= Old RevisionGUID=BCF058BD-977B-497B-AE3D-78525A77E82D New RevisionGUID=
Change Managed Component Library Link : Designator=Q3 Old VaultGUID=B7D15EC3-160A-466F-A46C-7801FE6295A7 New VaultGUID= Old ItemGUID=3FDC9111-A9E1-4CFC-B614-3B9BA7CCBE99 New ItemGUID= Old RevisionGUID=BCF058BD-977B-497B-AE3D-78525A77E82D New RevisionGUID=
Change Managed Component Library Link : Designator=Q4 Old VaultGUID=B7D15EC3-160A-466F-A46C-7801FE6295A7 New VaultGUID= Old ItemGUID=3FDC9111-A9E1-4CFC-B614-3B9BA7CCBE99 New ItemGUID= Old RevisionGUID=BCF058BD-977B-497B-AE3D-78525A77E82D New RevisionGUID=
Change Managed Component Library Link : Designator=Q5 Old VaultGUID=B7D15EC3-160A-466F-A46C-7801FE6295A7 New VaultGUID= Old ItemGUID=3FDC9111-A9E1-4CFC-B614-3B9BA7CCBE99 New ItemGUID= Old RevisionGUID=BCF058BD-977B-497B-AE3D-78525A77E82D New RevisionGUID=
Change component parameters: Designator = "Q1" ("Q1"); Footprint = "ONSC-TO-92-3-29-11"; UniqueID = "\RYQKXWRF" ("\RYQKXWRF")
Change component parameters (AddParameter): Name = "Value"; Value = "C9014"; VariantName = "[No Variations]"
Change component parameters: Designator = "Q2" ("Q2"); Footprint = "ONSC-TO-92-3-29-11"; UniqueID = "\OZYSFORR" ("\OZYSFORR")
Change component parameters (AddParameter): Name = "Value"; Value = "C9014"; VariantName = "[No Variations]"
Change component parameters: Designator = "Q3" ("Q3"); Footprint = "ONSC-TO-92-3-29-11"; UniqueID = "\SBYFTOMF" ("\SBYFTOMF")
Change component parameters (AddParameter): Name = "Value"; Value = "C9014"; VariantName = "[No Variations]"
Change component parameters: Designator = "Q4" ("Q4"); Footprint = "ONSC-TO-92-3-29-11"; UniqueID = "\ZRGIGOJP" ("\ZRGIGOJP")
Change component parameters (AddParameter): Name = "Value"; Value = "C9014"; VariantName = "[No Variations]"
Change component parameters: Designator = "Q5" ("Q5"); Footprint = "ONSC-TO-92-3-29-11"; UniqueID = "\OJTJFWVL" ("\OJTJFWVL")
Change component parameters (AddParameter): Name = "Value"; Value = "C9014"; VariantName = "[No Variations]"
Added Pin To Net: NetName=GND Pin=Q1-1
Added Pin To Net: NetName=NetD1_1 Pin=Q1-2
Added Pin To Net: NetName=GND Pin=Q2-1
Added Pin To Net: NetName=NetD2_1 Pin=Q2-2
Added Pin To Net: NetName=GND Pin=Q3-1
Added Pin To Net: NetName=NetD3_1 Pin=Q3-2
Added Pin To Net: NetName=GND Pin=Q4-1
Added Pin To Net: NetName=NetD4_1 Pin=Q4-2
Added Pin To Net: NetName=GND Pin=Q5-1
Added Pin To Net: NetName=NetD5_1 Pin=Q5-2
Added Pin To Net: NetName=NetQ2_3 Pin=Q2-3
Added Pin To Net: NetName=NetQ2_3 Pin=R4-2
Added Net: Name=NetQ2_3
Added Pin To Net: NetName=NetQ3_3 Pin=Q3-3
Added Pin To Net: NetName=NetQ3_3 Pin=R6-2
Added Net: Name=NetQ3_3
Added Pin To Net: NetName=NetQ4_3 Pin=Q4-3
Added Pin To Net: NetName=NetQ4_3 Pin=R8-2
Added Net: Name=NetQ4_3
Added Pin To Net: NetName=NetQ5_3 Pin=Q5-3
Added Pin To Net: NetName=NetQ5_3 Pin=R13-2
Added Net: Name=NetQ5_3
