Removed Pin From Net: NetName=DENKHACH Pin=D8-2
Removed Pin From Net: NetName=DENNGU Pin=D9-2
Removed Pin From Net: NetName=NetQ2_3 Pin=R4-1
Removed Pin From Net: NetName=NetQ3_3 Pin=R12-1
Removed Pin From Net: NetName=NetQ5_3 Pin=R13-1
Removed Pin From Net: NetName=NetD8_1 Pin=U5-2
Removed Pin From Net: NetName=NetD9_1 Pin=U6-2
Change Component Footprint: Designator=D3 Old Footprint=DIODE 1A New Footprint=DIODE 0.5A
Change Component Footprint: Designator=D4 Old Footprint=DIODE 1A New Footprint=DIODE 0.5A
Change Component Footprint: Designator=D8 Old Footprint=DIODE 1A New Footprint=DIODE 0.5A
Change Component Footprint: Designator=D9 Old Footprint=DIODE 1A New Footprint=DIODE 0.5A
Change Component Footprint: Designator=D10 Old Footprint=DIODE 1A New Footprint=DIODE 0.5A
Change Component Comment : Designator=R3 Old Comment=510k New Comment=10k
Change Component Comment : Designator=R4 Old Comment=510k New Comment=10k
Change Component Comment : Designator=R8 Old Comment=510k New Comment=10k
Change Component Comment : Designator=R12 Old Comment=510k New Comment=10k
Change Component Comment : Designator=R13 Old Comment=510k New Comment=10k
Change component parameters: Designator = "D3" ("D3"); Footprint = "DIODE 1A"; UniqueID = "\WMZENQPI" ("\WMZENQPI")
Change component parameters (AddParameter): Name = "Chung_Loai"; Value = "C?m"; VariantName = "[No Variations]"
Change component parameters (AddParameter): Name = "Don_Vi"; Value = "Con"; VariantName = "[No Variations]"
Change component parameters (AddParameter): Name = "Ghi Chu"; Value = ""; VariantName = "[No Variations]"
Change component parameters (AddParameter): Name = "Kieu_Chan"; Value = ""; VariantName = "[No Variations]"
Change component parameters (AddParameter): Name = "Ma_Hang"; Value = "MH001065"; VariantName = "[No Variations]"
Change component parameters (AddParameter): Name = "Ten_Linh_Kien"; Value = "Diode 1N4148 DO35 450mA 100V ( 1N4148 DIP)"; VariantName = "[No Variations]"
Change component parameters: Designator = "D4" ("D4"); Footprint = "DIODE 1A"; UniqueID = "\BURKHIBP" ("\BURKHIBP")
Change component parameters (AddParameter): Name = "Chung_Loai"; Value = "C?m"; VariantName = "[No Variations]"
Change component parameters (AddParameter): Name = "Don_Vi"; Value = "Con"; VariantName = "[No Variations]"
Change component parameters (AddParameter): Name = "Ghi Chu"; Value = ""; VariantName = "[No Variations]"
Change component parameters (AddParameter): Name = "Kieu_Chan"; Value = ""; VariantName = "[No Variations]"
Change component parameters (AddParameter): Name = "Ma_Hang"; Value = "MH001065"; VariantName = "[No Variations]"
Change component parameters (AddParameter): Name = "Ten_Linh_Kien"; Value = "Diode 1N4148 DO35 450mA 100V ( 1N4148 DIP)"; VariantName = "[No Variations]"
Change component parameters: Designator = "D8" ("D8"); Footprint = "DIODE 1A"; UniqueID = "\RTMPHLXP" ("\RTMPHLXP")
Change component parameters (AddParameter): Name = "Chung_Loai"; Value = "C?m"; VariantName = "[No Variations]"
Change component parameters (AddParameter): Name = "Don_Vi"; Value = "Con"; VariantName = "[No Variations]"
Change component parameters (AddParameter): Name = "Ghi Chu"; Value = ""; VariantName = "[No Variations]"
Change component parameters (AddParameter): Name = "Kieu_Chan"; Value = ""; VariantName = "[No Variations]"
Change component parameters (AddParameter): Name = "Ma_Hang"; Value = "MH001065"; VariantName = "[No Variations]"
Change component parameters (AddParameter): Name = "Ten_Linh_Kien"; Value = "Diode 1N4148 DO35 450mA 100V ( 1N4148 DIP)"; VariantName = "[No Variations]"
Change component parameters: Designator = "D9" ("D9"); Footprint = "DIODE 1A"; UniqueID = "\QCQJFYFN" ("\QCQJFYFN")
Change component parameters (AddParameter): Name = "Chung_Loai"; Value = "C?m"; VariantName = "[No Variations]"
Change component parameters (AddParameter): Name = "Don_Vi"; Value = "Con"; VariantName = "[No Variations]"
Change component parameters (AddParameter): Name = "Ghi Chu"; Value = ""; VariantName = "[No Variations]"
Change component parameters (AddParameter): Name = "Kieu_Chan"; Value = ""; VariantName = "[No Variations]"
Change component parameters (AddParameter): Name = "Ma_Hang"; Value = "MH001065"; VariantName = "[No Variations]"
Change component parameters (AddParameter): Name = "Ten_Linh_Kien"; Value = "Diode 1N4148 DO35 450mA 100V ( 1N4148 DIP)"; VariantName = "[No Variations]"
Change component parameters: Designator = "D10" ("D10"); Footprint = "DIODE 1A"; UniqueID = "\MVJMMNNX" ("\MVJMMNNX")
Change component parameters (AddParameter): Name = "Chung_Loai"; Value = "C?m"; VariantName = "[No Variations]"
Change component parameters (AddParameter): Name = "Don_Vi"; Value = "Con"; VariantName = "[No Variations]"
Change component parameters (AddParameter): Name = "Ghi Chu"; Value = ""; VariantName = "[No Variations]"
Change component parameters (AddParameter): Name = "Kieu_Chan"; Value = ""; VariantName = "[No Variations]"
Change component parameters (AddParameter): Name = "Ma_Hang"; Value = "MH001065"; VariantName = "[No Variations]"
Change component parameters (AddParameter): Name = "Ten_Linh_Kien"; Value = "Diode 1N4148 DO35 450mA 100V ( 1N4148 DIP)"; VariantName = "[No Variations]"
Change component parameters: Designator = "R3" ("R3"); Footprint = "tro vach 1/4w"; UniqueID = "\XRLPQCDI" ("\XRLPQCDI")
Change component parameters (AddParameter): Name = "Chung_Loai"; Value = "C?m"; VariantName = "[No Variations]"
Change component parameters (AddParameter): Name = "Don_Vi"; Value = "Con"; VariantName = "[No Variations]"
Change component parameters (AddParameter): Name = "Kieu_Chan"; Value = ""; VariantName = "[No Variations]"
Change component parameters (AddParameter): Name = "Ma_Hang"; Value = "MH006349"; VariantName = "[No Variations]"
Change component parameters (AddParameter): Name = "So_Chan"; Value = "2"; VariantName = "[No Variations]"
Change component parameters (AddParameter): Name = "Ten_Linh_Kien"; Value = "Tr? V?ch 1/4w 1% 10k"; VariantName = "[No Variations]"
Change component parameters: Designator = "R4" ("R4"); Footprint = "tro vach 1/4w"; UniqueID = "\UZJZYNVQ" ("\UZJZYNVQ")
Change component parameters (AddParameter): Name = "Chung_Loai"; Value = "C?m"; VariantName = "[No Variations]"
Change component parameters (AddParameter): Name = "Don_Vi"; Value = "Con"; VariantName = "[No Variations]"
Change component parameters (AddParameter): Name = "Kieu_Chan"; Value = ""; VariantName = "[No Variations]"
Change component parameters (AddParameter): Name = "Ma_Hang"; Value = "MH006349"; VariantName = "[No Variations]"
Change component parameters (AddParameter): Name = "So_Chan"; Value = "2"; VariantName = "[No Variations]"
Change component parameters (AddParameter): Name = "Ten_Linh_Kien"; Value = "Tr? V?ch 1/4w 1% 10k"; VariantName = "[No Variations]"
Change component parameters: Designator = "R8" ("R8"); Footprint = "tro vach 1/4w"; UniqueID = "\CKXMNWLU" ("\CKXMNWLU")
Change component parameters (AddParameter): Name = "Chung_Loai"; Value = "C?m"; VariantName = "[No Variations]"
Change component parameters (AddParameter): Name = "Don_Vi"; Value = "Con"; VariantName = "[No Variations]"
Change component parameters (AddParameter): Name = "Kieu_Chan"; Value = ""; VariantName = "[No Variations]"
Change component parameters (AddParameter): Name = "Ma_Hang"; Value = "MH006349"; VariantName = "[No Variations]"
Change component parameters (AddParameter): Name = "So_Chan"; Value = "2"; VariantName = "[No Variations]"
Change component parameters (AddParameter): Name = "Ten_Linh_Kien"; Value = "Tr? V?ch 1/4w 1% 10k"; VariantName = "[No Variations]"
Change component parameters: Designator = "R12" ("R12"); Footprint = "tro vach 1/4w"; UniqueID = "\ZVYAWYAR" ("\ZVYAWYAR")
Change component parameters (AddParameter): Name = "Chung_Loai"; Value = "C?m"; VariantName = "[No Variations]"
Change component parameters (AddParameter): Name = "Don_Vi"; Value = "Con"; VariantName = "[No Variations]"
Change component parameters (AddParameter): Name = "Kieu_Chan"; Value = ""; VariantName = "[No Variations]"
Change component parameters (AddParameter): Name = "Ma_Hang"; Value = "MH006349"; VariantName = "[No Variations]"
Change component parameters (AddParameter): Name = "So_Chan"; Value = "2"; VariantName = "[No Variations]"
Change component parameters (AddParameter): Name = "Ten_Linh_Kien"; Value = "Tr? V?ch 1/4w 1% 10k"; VariantName = "[No Variations]"
Change component parameters: Designator = "R13" ("R13"); Footprint = "tro vach 1/4w"; UniqueID = "\UXSWGAFM" ("\UXSWGAFM")
Change component parameters (AddParameter): Name = "Chung_Loai"; Value = "C?m"; VariantName = "[No Variations]"
Change component parameters (AddParameter): Name = "Don_Vi"; Value = "Con"; VariantName = "[No Variations]"
Change component parameters (AddParameter): Name = "Kieu_Chan"; Value = ""; VariantName = "[No Variations]"
Change component parameters (AddParameter): Name = "Ma_Hang"; Value = "MH006349"; VariantName = "[No Variations]"
Change component parameters (AddParameter): Name = "So_Chan"; Value = "2"; VariantName = "[No Variations]"
Change component parameters (AddParameter): Name = "Ten_Linh_Kien"; Value = "Tr? V?ch 1/4w 1% 10k"; VariantName = "[No Variations]"
Added Pin To Net: NetName=DENNGU Pin=D8-2
Added Pin To Net: NetName=DENKHACH Pin=D9-2
Added Pin To Net: NetName=NetQ2_3 Pin=R4-2
Added Pin To Net: NetName=NetQ3_3 Pin=R12-2
Added Pin To Net: NetName=NetQ5_3 Pin=R13-2
Added Pin To Net: NetName=NetD9_1 Pin=U5-2
Added Pin To Net: NetName=NetD8_1 Pin=U6-2
Added Pin To Net: NetName=NetR4_1 Pin=R4-1
Added Pin To Net: NetName=NetR4_1 Pin=U4-3
Added Net: Name=NetR4_1
Added Pin To Net: NetName=NetR12_1 Pin=R12-1
Added Pin To Net: NetName=NetR12_1 Pin=U5-3
Added Net: Name=NetR12_1
Added Pin To Net: NetName=NetR13_1 Pin=R13-1
Added Pin To Net: NetName=NetR13_1 Pin=U7-3
Added Net: Name=NetR13_1
