Added Component: Designator=LCD1(LCD1602 with Jump)
Add component (AddParameter): Name = "CHIP"; Value = "HD44780"; VariantName = "[No Variations]"
Add component (AddParameter): Name = "Ma_Hang"; Value = "67HZ"; VariantName = "[No Variations]"
Add component (AddParameter): Name = "NCC"; Value = "NSHOP"; VariantName = "[No Variations]"
Add component (AddParameter): Name = "Ten"; Value = "M‡n hÏnh LCD 1602 Xanh L·"; VariantName = "[No Variations]"
Added Component: Designator=U1(XCVR_ESP32-S3-WROOM-1-N8R2)
Add component (AddParameter): Name = "Availability"; Value = "In Stock"; VariantName = "[No Variations]"
Add component (AddParameter): Name = "Check_prices"; Value = "https://www.snapeda.com/parts/ESP32-S3-WROOM-1-N8R2/Espressif+Systems/view-part/?ref=eda"; VariantName = "[No Variations]"
Add component (AddParameter): Name = "MF"; Value = "Espressif Systems"; VariantName = "[No Variations]"
Add component (AddParameter): Name = "MP"; Value = "ESP32-S3-WROOM-1-N8R2"; VariantName = "[No Variations]"
Add component (AddParameter): Name = "Package"; Value = "- Espressif Systems"; VariantName = "[No Variations]"
Add component (AddParameter): Name = "Price"; Value = "None"; VariantName = "[No Variations]"
Add component (AddParameter): Name = "Purchase-URL"; Value = "https://pricing.snapeda.com/search?q=ESP32-S3-WROOM-1-N8R2&ref=eda"; VariantName = "[No Variations]"
Add component (AddParameter): Name = "SnapEDA_Link"; Value = "https://www.snapeda.com/parts/ESP32-S3-WROOM-1-N8R2/Espressif+Systems/view-part/?ref=snap"; VariantName = "[No Variations]"
Add component (AddParameter): Name = "Value"; Value = ""; VariantName = "[No Variations]"
Added Pin To Net: NetName=GND Pin=LCD1-1
Added Pin To Net: NetName=GND Pin=U1-1
Added Pin To Net: NetName=GND Pin=U1-40
Added Pin To Net: NetName=GND Pin=U1-41_1
Added Pin To Net: NetName=GND Pin=U1-41_2
Added Pin To Net: NetName=GND Pin=U1-41_3
Added Pin To Net: NetName=GND Pin=U1-41_4
Added Pin To Net: NetName=GND Pin=U1-41_5
Added Pin To Net: NetName=GND Pin=U1-41_6
Added Pin To Net: NetName=GND Pin=U1-41_7
Added Pin To Net: NetName=GND Pin=U1-41_8
Added Pin To Net: NetName=GND Pin=U1-41_9
Added Net: Name=GND
Added Pin To Net: NetName=NetLCD1_2 Pin=LCD1-2
Added Pin To Net: NetName=NetLCD1_2 Pin=U1-2
Added Net: Name=NetLCD1_2
Added Pin To Net: NetName=NetLCD1_3 Pin=LCD1-3
Added Pin To Net: NetName=NetLCD1_3 Pin=U1-25
Added Net: Name=NetLCD1_3
Added Pin To Net: NetName=NetLCD1_4 Pin=LCD1-4
Added Pin To Net: NetName=NetLCD1_4 Pin=U1-24
Added Net: Name=NetLCD1_4
Added Class: Name=Sheet2
