Removed Pin From Net: NetName=NO - 1 Pin=P1-1
Removed Pin From Net: NetName=COM - 1 Pin=P1-2
Removed Pin From Net: NetName=NC - 1 Pin=P1-3
Removed Pin From Net: NetName=NO - 3 Pin=P2-1
Removed Pin From Net: NetName=COM - 3 Pin=P2-2
Removed Pin From Net: NetName=NC - 3 Pin=P2-3
Removed Pin From Net: NetName=NO - 4 Pin=P3-1
Removed Pin From Net: NetName=COM - 4 Pin=P3-2
Removed Pin From Net: NetName=NC - 4 Pin=P3-3
Removed Pin From Net: NetName=NO - 2 Pin=P4-1
Removed Pin From Net: NetName=COM - 2 Pin=P4-2
Removed Pin From Net: NetName=NC - 2 Pin=P4-3
Removed Pin From Net: NetName=NO - 5 Pin=P5-1
Removed Pin From Net: NetName=COM - 5 Pin=P5-2
Removed Pin From Net: NetName=NC - 5 Pin=P5-3
Removed Member From Class: ClassName=DOAN2 Member=P1
Removed Member From Class: ClassName=DOAN2 Member=P2
Removed Member From Class: ClassName=DOAN2 Member=P3
Removed Member From Class: ClassName=DOAN2 Member=P4
Removed Member From Class: ClassName=DOAN2 Member=P5
Added Component: Designator=H2(Header 3P DC 2.54)
Add component (AddParameter): Name = "Chung_Loai"; Value = "C?m"; VariantName = "[No Variations]"
Add component (AddParameter): Name = "Don_Vi"; Value = "Con"; VariantName = "[No Variations]"
Add component (AddParameter): Name = "Ghi_Chu"; Value = ""; VariantName = "[No Variations]"
Add component (AddParameter): Name = "Kieu_Chan"; Value = ""; VariantName = "[No Variations]"
Add component (AddParameter): Name = "Ma_Hang"; Value = "MH001302"; VariantName = "[No Variations]"
Add component (AddParameter): Name = "Ten_Linh_Kien"; Value = "Header 3P XH2.54-3P Đ?c Cong"; VariantName = "[No Variations]"
Added Component: Designator=H3(Header 3P DC 2.54)
Add component (AddParameter): Name = "Chung_Loai"; Value = "C?m"; VariantName = "[No Variations]"
Add component (AddParameter): Name = "Don_Vi"; Value = "Con"; VariantName = "[No Variations]"
Add component (AddParameter): Name = "Ghi_Chu"; Value = ""; VariantName = "[No Variations]"
Add component (AddParameter): Name = "Kieu_Chan"; Value = ""; VariantName = "[No Variations]"
Add component (AddParameter): Name = "Ma_Hang"; Value = "MH001302"; VariantName = "[No Variations]"
Add component (AddParameter): Name = "Ten_Linh_Kien"; Value = "Header 3P XH2.54-3P Đ?c Cong"; VariantName = "[No Variations]"
Added Component: Designator=H4(Header 3P DC 2.54)
Add component (AddParameter): Name = "Chung_Loai"; Value = "C?m"; VariantName = "[No Variations]"
Add component (AddParameter): Name = "Don_Vi"; Value = "Con"; VariantName = "[No Variations]"
Add component (AddParameter): Name = "Ghi_Chu"; Value = ""; VariantName = "[No Variations]"
Add component (AddParameter): Name = "Kieu_Chan"; Value = ""; VariantName = "[No Variations]"
Add component (AddParameter): Name = "Ma_Hang"; Value = "MH001302"; VariantName = "[No Variations]"
Add component (AddParameter): Name = "Ten_Linh_Kien"; Value = "Header 3P XH2.54-3P Đ?c Cong"; VariantName = "[No Variations]"
Added Component: Designator=H5(Header 3P DC 2.54)
Add component (AddParameter): Name = "Chung_Loai"; Value = "C?m"; VariantName = "[No Variations]"
Add component (AddParameter): Name = "Don_Vi"; Value = "Con"; VariantName = "[No Variations]"
Add component (AddParameter): Name = "Ghi_Chu"; Value = ""; VariantName = "[No Variations]"
Add component (AddParameter): Name = "Kieu_Chan"; Value = ""; VariantName = "[No Variations]"
Add component (AddParameter): Name = "Ma_Hang"; Value = "MH001302"; VariantName = "[No Variations]"
Add component (AddParameter): Name = "Ten_Linh_Kien"; Value = "Header 3P XH2.54-3P Đ?c Cong"; VariantName = "[No Variations]"
Added Component: Designator=H6(Header 3P DC 2.54)
Add component (AddParameter): Name = "Chung_Loai"; Value = "C?m"; VariantName = "[No Variations]"
Add component (AddParameter): Name = "Don_Vi"; Value = "Con"; VariantName = "[No Variations]"
Add component (AddParameter): Name = "Ghi_Chu"; Value = ""; VariantName = "[No Variations]"
Add component (AddParameter): Name = "Kieu_Chan"; Value = ""; VariantName = "[No Variations]"
Add component (AddParameter): Name = "Ma_Hang"; Value = "MH001302"; VariantName = "[No Variations]"
Add component (AddParameter): Name = "Ten_Linh_Kien"; Value = "Header 3P XH2.54-3P Đ?c Cong"; VariantName = "[No Variations]"
Added Pin To Net: NetName=NO - 1 Pin=H2-1
Added Pin To Net: NetName=COM - 1 Pin=H2-2
Added Pin To Net: NetName=NC - 1 Pin=H2-3
Added Pin To Net: NetName=NO - 3 Pin=H3-1
Added Pin To Net: NetName=COM - 3 Pin=H3-2
Added Pin To Net: NetName=NC - 3 Pin=H3-3
Added Pin To Net: NetName=NO - 4 Pin=H4-1
Added Pin To Net: NetName=COM - 4 Pin=H4-2
Added Pin To Net: NetName=NC - 4 Pin=H4-3
Added Pin To Net: NetName=NO - 2 Pin=H5-1
Added Pin To Net: NetName=COM - 2 Pin=H5-2
Added Pin To Net: NetName=NC - 2 Pin=H5-3
Added Pin To Net: NetName=NO - 5 Pin=H6-1
Added Pin To Net: NetName=COM - 5 Pin=H6-2
Added Pin To Net: NetName=NC - 5 Pin=H6-3
Added Member To Class: ClassName=DOAN2 Member=Component H2 Header 3P 2.54 Duc Cong
Added Member To Class: ClassName=DOAN2 Member=Component H3 Header 3P 2.54 Duc Cong
Added Member To Class: ClassName=DOAN2 Member=Component H4 Header 3P 2.54 Duc Cong
Added Member To Class: ClassName=DOAN2 Member=Component H5 Header 3P 2.54 Duc Cong
Added Member To Class: ClassName=DOAN2 Member=Component H6 Header 3P 2.54 Duc Cong
