Removed Pin From Net: NetName=VCC Pin=H7-1
Removed Pin From Net: NetName=NetQ2_3 Pin=R4-2
Removed Pin From Net: NetName=VCC Pin=R7-2
Removed Pin From Net: NetName=NetQ3_3 Pin=R8-2
Removed Pin From Net: NetName=NetQ4_3 Pin=R12-2
Removed Pin From Net: NetName=NetQ5_3 Pin=R13-2
Removed Pin From Net: NetName=NetR5_1 Pin=U5-1
Removed Pin From Net: NetName=NetR8_1 Pin=U5-3
Removed Pin From Net: NetName=NetR6_1 Pin=U6-1
Change Component Footprint: Designator=R1 Old Footprint=tro vach 1/2w New Footprint=R1/4W
Change Component Footprint: Designator=R2 Old Footprint=tro vach 1/2w New Footprint=R1/4W
Change Component Footprint: Designator=R5 Old Footprint=tro vach 1/2w New Footprint=R1/4W
Change Component Footprint: Designator=R6 Old Footprint=tro vach 1/2w New Footprint=R1/4W
Change Component Footprint: Designator=R7 Old Footprint=tro vach 1/2w New Footprint=R1/4W
Change Component Footprint: Designator=R3 Old Footprint=tro vach 1w New Footprint=tro vach 1/4w
Change Component Footprint: Designator=R4 Old Footprint=tro vach 1w New Footprint=tro vach 1/4w
Change Component Footprint: Designator=R8 Old Footprint=tro vach 1w New Footprint=tro vach 1/4w
Change Component Footprint: Designator=R12 Old Footprint=tro vach 1w New Footprint=tro vach 1/4w
Change Component Footprint: Designator=R13 Old Footprint=tro vach 1w New Footprint=tro vach 1/4w
Change component parameters: Designator = "R1" ("R1"); Footprint = "tro vach 1/2w"; UniqueID = "\OFBPJOJM" ("\OFBPJOJM")
Change component parameters (AddParameter): Name = "Value"; Value = "R1/4W - 1K"; VariantName = "[No Variations]"
Change component parameters: Designator = "R2" ("R2"); Footprint = "tro vach 1/2w"; UniqueID = "\HJGFHCVG" ("\HJGFHCVG")
Change component parameters (AddParameter): Name = "Value"; Value = "R1/4W - 1K"; VariantName = "[No Variations]"
Change component parameters: Designator = "R3" ("R3"); Footprint = "tro vach 1w"; UniqueID = "\BWRWXMVA" ("\BWRWXMVA")
Change component parameters (AddParameter): Name = "Chung_Loai"; Value = "C?m"; VariantName = "[No Variations]"
Change component parameters (AddParameter): Name = "Don_Vi"; Value = "Con"; VariantName = "[No Variations]"
Change component parameters (AddParameter): Name = "Kieu_Chan"; Value = ""; VariantName = "[No Variations]"
Change component parameters (AddParameter): Name = "Ma_Hang"; Value = "MH007324"; VariantName = "[No Variations]"
Change component parameters (AddParameter): Name = "So_Chan"; Value = "2"; VariantName = "[No Variations]"
Change component parameters (AddParameter): Name = "Ten_Linh_Kien"; Value = "Tr? V?ch 1/4w 5% 510k"; VariantName = "[No Variations]"
Change component parameters: Designator = "R4" ("R4"); Footprint = "tro vach 1w"; UniqueID = "\SUDOQBME" ("\SUDOQBME")
Change component parameters (AddParameter): Name = "Chung_Loai"; Value = "C?m"; VariantName = "[No Variations]"
Change component parameters (AddParameter): Name = "Don_Vi"; Value = "Con"; VariantName = "[No Variations]"
Change component parameters (AddParameter): Name = "Kieu_Chan"; Value = ""; VariantName = "[No Variations]"
Change component parameters (AddParameter): Name = "Ma_Hang"; Value = "MH007324"; VariantName = "[No Variations]"
Change component parameters (AddParameter): Name = "So_Chan"; Value = "2"; VariantName = "[No Variations]"
Change component parameters (AddParameter): Name = "Ten_Linh_Kien"; Value = "Tr? V?ch 1/4w 5% 510k"; VariantName = "[No Variations]"
Change component parameters: Designator = "R5" ("R5"); Footprint = "tro vach 1/2w"; UniqueID = "\GHVPJFKV" ("\GHVPJFKV")
Change component parameters (AddParameter): Name = "Value"; Value = "R1/4W - 1K"; VariantName = "[No Variations]"
Change component parameters: Designator = "R6" ("R6"); Footprint = "tro vach 1/2w"; UniqueID = "\DJQGGQFG" ("\DJQGGQFG")
Change component parameters (AddParameter): Name = "Value"; Value = "R1/4W - 1K"; VariantName = "[No Variations]"
Change component parameters: Designator = "R7" ("R7"); Footprint = "tro vach 1/2w"; UniqueID = "\REHWBPMT" ("\REHWBPMT")
Change component parameters (AddParameter): Name = "Value"; Value = "R1/4W - 1K"; VariantName = "[No Variations]"
Change component parameters: Designator = "R8" ("R8"); Footprint = "tro vach 1w"; UniqueID = "\SCEGZTHC" ("\SCEGZTHC")
Change component parameters (AddParameter): Name = "Chung_Loai"; Value = "C?m"; VariantName = "[No Variations]"
Change component parameters (AddParameter): Name = "Don_Vi"; Value = "Con"; VariantName = "[No Variations]"
Change component parameters (AddParameter): Name = "Kieu_Chan"; Value = ""; VariantName = "[No Variations]"
Change component parameters (AddParameter): Name = "Ma_Hang"; Value = "MH007324"; VariantName = "[No Variations]"
Change component parameters (AddParameter): Name = "So_Chan"; Value = "2"; VariantName = "[No Variations]"
Change component parameters (AddParameter): Name = "Ten_Linh_Kien"; Value = "Tr? V?ch 1/4w 5% 510k"; VariantName = "[No Variations]"
Change component parameters: Designator = "R12" ("R12"); Footprint = "tro vach 1w"; UniqueID = "\YJMQDIUH" ("\YJMQDIUH")
Change component parameters (AddParameter): Name = "Chung_Loai"; Value = "C?m"; VariantName = "[No Variations]"
Change component parameters (AddParameter): Name = "Don_Vi"; Value = "Con"; VariantName = "[No Variations]"
Change component parameters (AddParameter): Name = "Kieu_Chan"; Value = ""; VariantName = "[No Variations]"
Change component parameters (AddParameter): Name = "Ma_Hang"; Value = "MH007324"; VariantName = "[No Variations]"
Change component parameters (AddParameter): Name = "So_Chan"; Value = "2"; VariantName = "[No Variations]"
Change component parameters (AddParameter): Name = "Ten_Linh_Kien"; Value = "Tr? V?ch 1/4w 5% 510k"; VariantName = "[No Variations]"
Change component parameters: Designator = "R13" ("R13"); Footprint = "tro vach 1w"; UniqueID = "\WZHRSNLR" ("\WZHRSNLR")
Change component parameters (AddParameter): Name = "Chung_Loai"; Value = "C?m"; VariantName = "[No Variations]"
Change component parameters (AddParameter): Name = "Don_Vi"; Value = "Con"; VariantName = "[No Variations]"
Change component parameters (AddParameter): Name = "Kieu_Chan"; Value = ""; VariantName = "[No Variations]"
Change component parameters (AddParameter): Name = "Ma_Hang"; Value = "MH007324"; VariantName = "[No Variations]"
Change component parameters (AddParameter): Name = "So_Chan"; Value = "2"; VariantName = "[No Variations]"
Change component parameters (AddParameter): Name = "Ten_Linh_Kien"; Value = "Tr? V?ch 1/4w 5% 510k"; VariantName = "[No Variations]"
Added Pin To Net: NetName=NetQ2_3 Pin=R4-1
Added Pin To Net: NetName=NetQ4_3 Pin=R8-2
Added Pin To Net: NetName=NetQ3_3 Pin=R12-1
Added Pin To Net: NetName=NetQ5_3 Pin=R13-1
Added Pin To Net: NetName=NetR6_1 Pin=U5-1
Added Pin To Net: NetName=NetR5_1 Pin=U6-1
Added Pin To Net: NetName=NetR8_1 Pin=U6-3
Added Pin To Net: NetName=NetH7_1 Pin=H7-1
Added Pin To Net: NetName=NetH7_1 Pin=R7-2
Added Net: Name=NetH7_1
Added Pin To Net: NetName=NetR4_2 Pin=R4-2
Added Pin To Net: NetName=NetR4_2 Pin=U4-3
Added Net: Name=NetR4_2
Added Pin To Net: NetName=NetR12_2 Pin=R12-2
Added Pin To Net: NetName=NetR12_2 Pin=U5-3
Added Net: Name=NetR12_2
Added Pin To Net: NetName=NetR13_2 Pin=R13-2
Added Pin To Net: NetName=NetR13_2 Pin=U7-3
Added Net: Name=NetR13_2
