Added Component: Designator=C13(J4-C2T)
Add component (AddParameter): Name = "ComponentLink1 Description"; Value = "Manufacturer"; VariantName = "[No Variations]"
Add component (AddParameter): Name = "ComponentLink1URL"; Value = "http://www.we-online.com"; VariantName = "[No Variations]"
Add component (AddParameter): Name = "ComponentLink2 Description"; Value = "Datasheet"; VariantName = "[No Variations]"
Add component (AddParameter): Name = "ComponentLink2URL"; Value = "http://katalog.we-online.de/em/datasheet/6200xx21121.pdf"; VariantName = "[No Variations]"
Add component (AddParameter): Name = "Created by"; Value = "Karrer Zheng"; VariantName = "[No Variations]"
Add component (AddParameter): Name = "Created Date"; Value = "2 April 2013"; VariantName = "[No Variations]"
Add component (AddParameter): Name = "Manufacturer"; Value = "W¨¹rth Elektronik eiSos GmbH"; VariantName = "[No Variations]"
Add component (AddParameter): Name = "NoPins"; Value = "08"; VariantName = "[No Variations]"
Add component (AddParameter): Name = "partNo"; Value = "62000821121"; VariantName = "[No Variations]"
Added Pin To Net: NetName=GND Pin=C13-4
Added Pin To Net: NetName=+3V3 Pin=C13-5
Added Pin To Net: NetName=LORA_DIO0 Pin=C13-8
Added Pin To Net: NetName=LORA_DIO0 Pin=U1-J1_20
Added Net: Name=LORA_DIO0
Added Pin To Net: NetName=LORA_NSS Pin=C13-6
Added Pin To Net: NetName=LORA_NSS Pin=U1-J1_13
Added Net: Name=LORA_NSS
Added Pin To Net: NetName=LORA_RST Pin=C13-3
Added Pin To Net: NetName=LORA_RST Pin=U1-J3_18
Added Net: Name=LORA_RST
Added Pin To Net: NetName=MISO Pin=C13-1
Added Pin To Net: NetName=MISO Pin=U1-J1_19
Added Pin To Net: NetName=MISO Pin=U2-5
Added Net: Name=MISO
Added Pin To Net: NetName=MOSI Pin=C13-7
Added Pin To Net: NetName=MOSI Pin=U1-J1_18
Added Pin To Net: NetName=MOSI Pin=U2-6
Added Net: Name=MOSI
Added Pin To Net: NetName=SCK Pin=C13-2
Added Pin To Net: NetName=SCK Pin=U1-J1_17
Added Pin To Net: NetName=SCK Pin=U2-7
Added Net: Name=SCK
Added Member To Class: ClassName=DOAN2 Member=Component C13 JP4x2-2.0
