Removed Pin From Net: NetName=MISO Pin=C13-1
Removed Pin From Net: NetName=SCK Pin=C13-2
Removed Pin From Net: NetName=LORA_RST Pin=C13-3
Removed Pin From Net: NetName=GND Pin=C13-4
Removed Pin From Net: NetName=+3V3 Pin=C13-5
Removed Pin From Net: NetName=LORA_NSS Pin=C13-6
Removed Pin From Net: NetName=MOSI Pin=C13-7
Removed Pin From Net: NetName=LORA_DIO0 Pin=C13-8
Removed Member From Class: ClassName=DOAN2 Member=C13
Added Component: Designator=H7(Header 4P DC 2.54)
Add component (AddParameter): Name = "Chung_Loai"; Value = "C?m"; VariantName = "[No Variations]"
Add component (AddParameter): Name = "Don_Vi"; Value = "Con"; VariantName = "[No Variations]"
Add component (AddParameter): Name = "Ghi_Chu"; Value = ""; VariantName = "[No Variations]"
Add component (AddParameter): Name = "Kieu_Chan"; Value = ""; VariantName = "[No Variations]"
Add component (AddParameter): Name = "Ma_Hang"; Value = "MH001310"; VariantName = "[No Variations]"
Add component (AddParameter): Name = "Ten_Linh_Kien"; Value = "Header 4P XH2.54-4P Đ?c Cong"; VariantName = "[No Variations]"
Added Component: Designator=H13(Header 4P DC 2.54)
Add component (AddParameter): Name = "Chung_Loai"; Value = "C?m"; VariantName = "[No Variations]"
Add component (AddParameter): Name = "Don_Vi"; Value = "Con"; VariantName = "[No Variations]"
Add component (AddParameter): Name = "Ghi_Chu"; Value = ""; VariantName = "[No Variations]"
Add component (AddParameter): Name = "Kieu_Chan"; Value = ""; VariantName = "[No Variations]"
Add component (AddParameter): Name = "Ma_Hang"; Value = "MH001310"; VariantName = "[No Variations]"
Add component (AddParameter): Name = "Ten_Linh_Kien"; Value = "Header 4P XH2.54-4P Đ?c Cong"; VariantName = "[No Variations]"
Added Pin To Net: NetName=MISO Pin=H7-1
Added Pin To Net: NetName=SCK Pin=H7-2
Added Pin To Net: NetName=LORA_RST Pin=H7-3
Added Pin To Net: NetName=GND Pin=H7-4
Added Pin To Net: NetName=+3V3 Pin=H13-1
Added Pin To Net: NetName=LORA_NSS Pin=H13-2
Added Pin To Net: NetName=MOSI Pin=H13-3
Added Pin To Net: NetName=LORA_DIO0 Pin=H13-4
Added Member To Class: ClassName=DOAN2 Member=Component H7 Header 4P 2.54 Duc Cong
Added Member To Class: ClassName=DOAN2 Member=Component H13 Header 4P 2.54 Duc Cong
