Removed Pin From Net: NetName=GND Pin=U8-1
Removed Pin From Net: NetName=+3V3 Pin=U8-2
Removed Pin From Net: NetName=5V Pin=U8-3
Removed Pin From Net: NetName=GND Pin=U9-1
Removed Pin From Net: NetName=5V Pin=U9-2
Removed Member From Class: ClassName=MACHNGUON Member=U8
Removed Member From Class: ClassName=MACHNGUON Member=U9
Added Component: Designator=AMS1(SOT223)
Add component (AddParameter): Name = "Chung_Loai"; Value = "DŠn"; VariantName = "[No Variations]"
Add component (AddParameter): Name = "Don_Vi"; Value = "Con"; VariantName = "[No Variations]"
Add component (AddParameter): Name = "Ghi_Chu"; Value = ""; VariantName = "[No Variations]"
Add component (AddParameter): Name = "Kieu_Chan"; Value = ""; VariantName = "[No Variations]"
Add component (AddParameter): Name = "Ma_Hang"; Value = "MH000596"; VariantName = "[No Variations]"
Add component (AddParameter): Name = "Value"; Value = "AMS1117-3.3V SOT223"; VariantName = "[No Variations]"
Added Component: Designator=AMS2(SOT223)
Add component (AddParameter): Name = "Chung_Loai"; Value = "DŠn"; VariantName = "[No Variations]"
Add component (AddParameter): Name = "Don_Vi"; Value = "Con"; VariantName = "[No Variations]"
Add component (AddParameter): Name = "Ghi_Chu"; Value = ""; VariantName = "[No Variations]"
Add component (AddParameter): Name = "Kieu_Chan"; Value = ""; VariantName = "[No Variations]"
Add component (AddParameter): Name = "Ma_Hang"; Value = "MH000596"; VariantName = "[No Variations]"
Add component (AddParameter): Name = "Value"; Value = "AMS1117-3.3V SOT223"; VariantName = "[No Variations]"
Added Pin To Net: NetName=GND Pin=AMS1-1
Added Pin To Net: NetName=+3V3 Pin=AMS1-2
Added Pin To Net: NetName=5V Pin=AMS1-3
Added Pin To Net: NetName=+3V3 Pin=AMS1-4
Added Pin To Net: NetName=GND Pin=AMS2-1
Added Pin To Net: NetName=5V Pin=AMS2-2
Added Pin To Net: NetName=5V Pin=AMS2-4
Added Pin To Net: NetName=NetAMS2_3 Pin=AMS2-3
Added Pin To Net: NetName=NetAMS2_3 Pin=C1-1
Added Pin To Net: NetName=NetAMS2_3 Pin=D11-2
Added Net: Name=NetAMS2_3
Added Member To Class: ClassName=MACHNGUON Member=Component AMS1 AMS1117-5V
Added Member To Class: ClassName=MACHNGUON Member=Component AMS2 AMS1117-5V
