Removed Pin From Net: NetName=SEVOR Pin=J2-1
Removed Pin From Net: NetName=+3V3 Pin=J2-2
Removed Pin From Net: NetName=GND Pin=J5-1
Removed Pin From Net: NetName=QUAT Pin=J5-2
Removed Pin From Net: NetName=PNGU Pin=J5-3
Removed Pin From Net: NetName=PAN Pin=J5-4
Removed Pin From Net: NetName=PKHACH Pin=J5-5
Removed Pin From Net: NetName=VCC Pin=J5-6
Removed Pin From Net: NetName=JD_VCC Pin=J6-1
Removed Pin From Net: NetName=VCC Pin=J6-2
Removed Pin From Net: NetName=GND Pin=J6-3
Removed Member From Class: ClassName=Sheet2 Member=J5
Removed Member From Class: ClassName=Sheet2 Member=J6
Change Component Footprint: Designator=J2 Old Footprint=CON3_50_653003117322_TH_RA New Footprint=CON3_78_S3B-PH-K-S_TH_RA
Change Component Comment : Designator=J2 Old Comment=SEVOR New Comment=S3B-PH-K-S(LF)(SN)
Change component parameters: Designator = "J2" ("J2"); Footprint = "CON3_50_653003117322_TH_RA"; UniqueID = "\XIPQEOBD" ("\XIPQEOBD")
Change component parameters (AddParameter): Name = "Alternate Part Number-1"; Value = "NA"; VariantName = "[No Variations]"
Change component parameters (AddParameter): Name = "Case/Package"; Value = "TH-CON"; VariantName = "[No Variations]"
Change component parameters (AddParameter): Name = "Crimp Part Number"; Value = "ASPHSPH24K51"; VariantName = "[No Variations]"
Change component parameters (AddParameter): Name = "Manufacturer"; Value = "JST"; VariantName = "[No Variations]"
Change component parameters (AddParameter): Name = "Manufacturer Part Number"; Value = "S3B-PH-K-S(LF)(SN)"; VariantName = "[No Variations]"
Change component parameters (AddParameter): Name = "Mating Part Number"; Value = "PHR-3"; VariantName = "[No Variations]"
Change component parameters (AddParameter): Name = "Supplier Part Number-1"; Value = "S3B-PH-K-S(LF)(SN)"; VariantName = "[No Variations]"
Change component parameters (AddParameter): Name = "Supplier-1"; Value = "ARROW"; VariantName = "[No Variations]"
Added Component: Designator=C1(JP6-C1T)
Add component (AddParameter): Name = "ComponentLink1 Description"; Value = "Manufacturer"; VariantName = "[No Variations]"
Add component (AddParameter): Name = "ComponentLink1URL"; Value = "http://www.we-online.com"; VariantName = "[No Variations]"
Add component (AddParameter): Name = "ComponentLink2 Description"; Value = "Datasheet"; VariantName = "[No Variations]"
Add component (AddParameter): Name = "ComponentLink2URL"; Value = "http://katalog.we-online.de/em/datasheet/6130xx143121.pdf"; VariantName = "[No Variations]"
Add component (AddParameter): Name = "Created by"; Value = "Karrer Zheng"; VariantName = "[No Variations]"
Add component (AddParameter): Name = "Created Date"; Value = "29 March 2013"; VariantName = "[No Variations]"
Add component (AddParameter): Name = "Manufacturer"; Value = "W¨ąrth Elektronik eiSos GmbH"; VariantName = "[No Variations]"
Add component (AddParameter): Name = "NoPins"; Value = "06"; VariantName = "[No Variations]"
Add component (AddParameter): Name = "partNo"; Value = "613006143121"; VariantName = "[No Variations]"
Added Component: Designator=C2(JP3-C1T)
Add component (AddParameter): Name = "ComponentLink1 Description"; Value = "Manufacturer"; VariantName = "[No Variations]"
Add component (AddParameter): Name = "ComponentLink1URL"; Value = "http://www.we-online.com"; VariantName = "[No Variations]"
Add component (AddParameter): Name = "ComponentLink2 Description"; Value = "Datasheet"; VariantName = "[No Variations]"
Add component (AddParameter): Name = "ComponentLink2URL"; Value = "http://katalog.we-online.de/em/datasheet/6130xx143121.pdf"; VariantName = "[No Variations]"
Add component (AddParameter): Name = "Created by"; Value = "Karrer Zheng"; VariantName = "[No Variations]"
Add component (AddParameter): Name = "Created Date"; Value = "29 March 2013"; VariantName = "[No Variations]"
Add component (AddParameter): Name = "Manufacturer"; Value = "W¨ąrth Elektronik eiSos GmbH"; VariantName = "[No Variations]"
Add component (AddParameter): Name = "NoPins"; Value = "03"; VariantName = "[No Variations]"
Add component (AddParameter): Name = "partNo"; Value = "613003143121"; VariantName = "[No Variations]"
Added Pin To Net: NetName=GND Pin=C1-1
Added Pin To Net: NetName=QUAT Pin=C1-2
Added Pin To Net: NetName=PNGU Pin=C1-3
Added Pin To Net: NetName=PAN Pin=C1-4
Added Pin To Net: NetName=PKHACH Pin=C1-5
Added Pin To Net: NetName=VCC Pin=C1-6
Added Pin To Net: NetName=SEVOR Pin=C2-1
Added Pin To Net: NetName=+3V3 Pin=C2-2
Added Pin To Net: NetName=GND Pin=C2-3
Added Pin To Net: NetName=JD_VCC Pin=J2-1
Added Pin To Net: NetName=VCC Pin=J2-2
Added Member To Class: ClassName=Sheet2 Member=Component C1 JP6
Added Member To Class: ClassName=Sheet2 Member=Component C2 SEVOR
