Removed Pin From Net: NetName=+3V3 Pin=U1-J1_1
Removed Pin From Net: NetName=+3V3 Pin=U1-J1_2
Removed Pin From Net: NetName=GND Pin=U1-J1_22
Removed Pin From Net: NetName=GND Pin=U1-J3_1
Removed Pin From Net: NetName=GND Pin=U1-J3_21
Removed Pin From Net: NetName=GND Pin=U1-J3_22
Change Component Footprint: Designator=U1 Old Footprint=XCVR_ESP32-S3-DEVKITC-1U-N8R2 New Footprint=MODULE_ESP32-S3-DEVKITC-1U-N8R8
Change Component Comment : Designator=U1 Old Comment=ESP32-S3-DEVKITC-1U-N8R2 New Comment=ESP32-S3-DEVKITC-1U-N8R8
Change component parameters: Designator = "U1" ("U1"); Footprint = "XCVR_ESP32-S3-DEVKITC-1U-N8R2"; UniqueID = "\CXYHLWCC" ("\CXYHLWCC")
Change component parameters (AddParameter): Name = "Check_prices"; Value = "https://www.snapeda.com/parts/ESP32-S3-DEVKITC-1U-N8R8/Espressif+Systems/view-part/?ref=eda"; VariantName = "[No Variations]"
Change component parameters (AddParameter): Name = "MF"; Value = "Espressif Systems"; VariantName = "[No Variations]"
Change component parameters (AddParameter): Name = "MP"; Value = "ESP32-S3-DEVKITC-1U-N8R8"; VariantName = "[No Variations]"
Change component parameters (AddParameter): Name = "Package"; Value = "None"; VariantName = "[No Variations]"
Change component parameters (AddParameter): Name = "SnapEDA_Link"; Value = "https://www.snapeda.com/parts/ESP32-S3-DEVKITC-1U-N8R8/Espressif+Systems/view-part/?ref=snap"; VariantName = "[No Variations]"
Change component parameters (AddParameter): Name = "Value"; Value = ""; VariantName = "[No Variations]"
Added Pin To Net: NetName=GND Pin=U1-GND
Added Pin To Net: NetName=GND Pin=U1-GND
Added Pin To Net: NetName=GND Pin=U1-GND
Added Pin To Net: NetName=GND Pin=U1-GND
Added Pin To Net: NetName=+3V3 Pin=U1-VCC
Added Pin To Net: NetName=+3V3 Pin=U1-VCC
